{
  "RSpec": {
    "coverage": {
      "/Users/noellelegrain/ProjectsFeb2018/Week10/PracticeBankTechTest/spec/account_spec.rb": [
        1,
        null,
        1,
        null,
        5,
        null,
        1,
        1,
        1,
        1,
        null,
        null,
        1,
        1,
        1,
        null,
        null,
        null,
        1,
        1,
        1,
        1,
        1,
        null,
        null,
        1,
        1,
        2,
        null,
        null,
        null
      ],
      "/Users/noellelegrain/ProjectsFeb2018/Week10/PracticeBankTechTest/lib/account.rb": [
        1,
        1,
        null,
        1,
        6,
        6,
        null,
        null,
        1,
        6,
        6,
        null,
        null,
        1,
        2,
        1,
        null,
        1,
        null,
        null
      ],
      "/Users/noellelegrain/ProjectsFeb2018/Week10/PracticeBankTechTest/spec/statement_spec.rb": [
        1,
        1,
        null,
        1,
        null,
        4,
        null,
        1,
        1,
        2,
        null,
        null,
        null,
        1,
        1,
        1,
        1,
        2,
        null,
        null,
        null,
        1,
        1,
        1,
        1,
        2,
        null,
        null,
        null
      ],
      "/Users/noellelegrain/ProjectsFeb2018/Week10/PracticeBankTechTest/lib/statement.rb": [
        1,
        null,
        1,
        null,
        1,
        2,
        null,
        null,
        1,
        2,
        2,
        2,
        null,
        null,
        null,
        1,
        1,
        1,
        null,
        null,
        null
      ]
    },
    "timestamp": 1524661084
  }
}
